[ 2025-03-22 10:27:23,941 ] 83 root - INFO - <<<<< Target Feature Transformation Started >>>>>
[ 2025-03-22 10:27:24,344 ] 224 root - INFO - ***** Feature Transformation Started *****
[ 2025-03-22 10:27:24,344 ] 231 root - INFO - >>> Fitting ColumnTransformer Started. <<<
[ 2025-03-22 10:27:24,506 ] 287 root - INFO - >>> ColumnTransformer has been Fitted. <<<
[ 2025-03-22 10:27:24,506 ] 16 root - INFO - ***** Target Transformation Started*****
[ 2025-03-22 10:27:24,506 ] 34 root - INFO - >>> Fitting Target Feature <<<
[ 2025-03-22 10:27:24,506 ] 44 root - INFO - Label Encoder has been Saved
[ 2025-03-22 10:27:24,506 ] 46 root - INFO - >>> Target Feature Fitted Successfully <<<
[ 2025-03-22 10:27:24,506 ] 53 root - INFO - >>> Transforming Target Feature <<<
[ 2025-03-22 10:27:24,514 ] 74 root - INFO - >>> Target Feature has been Transformed Successfully <<<
[ 2025-03-22 10:27:24,522 ] 107 root - INFO - y Train Data
0    0
1    0
2    1
3    1
Name: income, dtype: int32
[ 2025-03-22 10:27:24,524 ] 108 root - INFO - y Test Data
0    1
1    0
2    1
3    0
Name: income, dtype: int32
[ 2025-03-22 10:27:24,524 ] 110 root - INFO - <<<<< Transformation Successsfully Completed >>>>>
