[ 2025-04-02 19:12:21,658 ] 90 root - INFO - y type: <class 'pandas.core.frame.DataFrame'>
[ 2025-04-02 19:12:21,658 ] 14 root - INFO - <<<<Target Transformation has been Started>>>>
[ 2025-04-02 19:12:21,674 ] 24 root - INFO - Transformation is in Training Mode
[ 2025-04-02 19:12:21,800 ] 57 root - INFO - Transformer has been Fiffed
[ 2025-04-02 19:12:21,808 ] 65 root - INFO - Transformer is Saved - file_path: artifacts\column_transformers\target_feature_transformer.pkl
[ 2025-04-02 19:12:21,842 ] 75 root - INFO - Transformation is Completed
[ 2025-04-02 19:12:21,850 ] 75 root - INFO - Transformation is Completed
[ 2025-04-02 19:12:21,850 ] 108 root - INFO - X_train Type:<class 'numpy.ndarray'> Shape: (27676, 33)
Sample:
[[6.25427204e-02 5.55555556e-02 3.77551020e-01 0.00000000e+00
  0.00000000e+00 0.00000000e+00 0.00000000e+00 0.00000000e+00
  0.00000000e+00 1.00000000e+00 0.00000000e+00 0.00000000e+00
  0.00000000e+00 1.00000000e+00 0.00000000e+00 0.00000000e+00
  0.00000000e+00 0.00000000e+00 8.00000000e+00 1.00000000e+00
  2.00000000e+00 4.13354531e-02 1.46733632e-01 9.09235439e-01
  6.71533937e-02 5.33333333e-01 4.17421302e-02 4.66666667e-01
  3.97260274e-01 2.26190476e-01 0.00000000e+00 0.00000000e+00
  0.00000000e+00]
 [1.01366743e-01 1.03577149e-01 1.93877551e-01 0.00000000e+00
  0.00000000e+00 0.00000000e+00 0.00000000e+00 0.00000000e+00
  0.00000000e+00 1.00000000e+00 0.00000000e+00 0.00000000e+00
  0.00000000e+00 1.00000000e+00 0.00000000e+00 0.00000000e+00
  0.00000000e+00 1.00000000e+00 1.10000000e+01 2.00000000e+00
  3.00000000e+00 7.44182685e-01 1.06156959e-01 9.09235439e-01
  1.64777713e-01 6.66666667e-01 4.17421302e-02 3.33333333e-01
  6.30136986e-01 1.19047619e-01 0.00000000e+00 1.00000000e+00
  0.00000000e+00]
 [1.34321445e-02 1.03577149e-01 2.95918367e-01 0.00000000e+00
  0.00000000e+00 0.00000000e+00 1.00000000e+00 0.00000000e+00
  0.00000000e+00 0.00000000e+00 0.00000000e+00 0.00000000e+00
  0.00000000e+00 0.00000000e+00 0.00000000e+00 0.00000000e+00
  0.00000000e+00 0.00000000e+00 9.00000000e+00 2.00000000e+00
  1.00000000e+00 7.44182685e-01 1.12082671e-01 6.97355109e-03
  9.65329186e-02 6.00000000e-01 4.17421302e-02 4.00000000e-01
  6.84931507e-02 1.78571429e-01 0.00000000e+00 0.00000000e+00
  0.00000000e+00]
 [4.46234645e-01 4.45734913e-01 3.97959184e-01 0.00000000e+00
  0.00000000e+00 1.00000000e+00 1.00000000e+00 0.00000000e+00
  0.00000000e+00 0.00000000e+00 0.00000000e+00 0.00000000e+00
  0.00000000e+00 0.00000000e+00 0.00000000e+00 0.00000000e+00
  0.00000000e+00 0.00000000e+00 8.00000000e+00 1.00000000e+00
  1.00000000e+00 7.44182685e-01 1.98728140e-02 5.78118225e-04
  6.73449152e-03 5.33333333e-01 4.17421302e-02 4.66666667e-01
  9.58904110e-02 2.38095238e-01 0.00000000e+00 0.00000000e+00
  1.00000000e+00]
 [4.46234645e-01 4.45734913e-01 3.97959184e-01 0.00000000e+00
  0.00000000e+00 1.00000000e+00 0.00000000e+00 0.00000000e+00
  0.00000000e+00 1.00000000e+00 0.00000000e+00 0.00000000e+00
  0.00000000e+00 1.00000000e+00 0.00000000e+00 0.00000000e+00
  0.00000000e+00 0.00000000e+00 3.00000000e+00 1.00000000e+00
  1.00000000e+00 7.44182685e-01 3.03512068e-02 2.07399913e-02
  1.24442075e-01 2.00000000e-01 4.17421302e-02 8.00000000e-01
  2.46575342e-01 2.38095238e-01 0.00000000e+00 0.00000000e+00
  1.00000000e+00]]
[ 2025-04-02 19:12:21,866 ] 111 root - INFO - X_test Type:<class 'numpy.ndarray'> Shape: (4885, 33)
Sample:
[[ 0.10136674  0.10357715  0.37755102  0.          0.          0.
   0.          0.          0.          1.          0.          0.
   0.          1.          0.          0.          0.          0.
   9.          2.          1.          0.74418269  0.14673363  0.90923544
   0.10044213  0.6         0.04174213  0.4         0.1369863   0.22619048
   0.          0.          0.        ]
 [ 0.48379804  0.44573491  0.39795918  0.          0.          0.
   0.          0.          0.          1.          0.          0.
   0.          1.          0.          0.          0.          0.
   8.          1.          2.          0.04133545  0.12743894  0.90923544
   0.02599938  0.53333333  0.04174213  0.46666667  0.38356164  0.23809524
   0.          0.          1.        ]
 [ 0.44623464  0.44573491  0.55102041  0.          0.          1.
   0.          1.          0.          0.          0.          0.
   0.          1.          0.          0.          1.          0.
  12.          2.          1.          0.74418269  0.12743894  0.90923544
   0.11791676  0.8         0.04174213  0.2         0.16438356  0.32738095
   1.          1.          1.        ]
 [ 0.10136674  0.04560941  0.39795918  0.          0.          0.
   0.          0.          0.          1.          0.          0.
   0.          1.          0.          0.          0.          0.
  12.          2.          1.          0.74418269  0.06189478  0.90923544
   0.12072303  0.8         0.04174213  0.2         0.17808219  0.23809524
   0.          1.          0.        ]
 [ 0.10136674  0.10357715  0.5         0.02202022  0.          1.
   0.          0.          0.          1.          0.          0.
   0.          1.          0.          0.          1.          0.
   9.          2.          1.          0.07887701  0.12939009  0.90923544
   0.12025169  0.6         0.06284318  0.4         0.16438356  0.29761905
   1.          0.          0.        ]]
