[ 2025-04-10 14:43:53,335 ] 124 root - INFO - y type: <class 'pandas.core.frame.DataFrame'>
[ 2025-04-10 14:43:53,335 ] 25 root - INFO - <<<<Target Transformation has been Started>>>>
[ 2025-04-10 14:43:53,335 ] 38 root - INFO - Transformation is in Training Mode
[ 2025-04-10 14:43:53,382 ] 82 root - INFO - Transformer has been Fiffed
[ 2025-04-10 14:43:53,398 ] 99 root - INFO - Transformer is Saved - file_path: artifacts\column_transformers\target_simple_featured_transformer.pkl
[ 2025-04-10 14:43:53,413 ] 109 root - INFO - Transformation is Completed
[ 2025-04-10 14:43:53,435 ] 109 root - INFO - Transformation is Completed
[ 2025-04-10 14:43:53,435 ] 164 root - INFO - X_train Type:<class 'numpy.ndarray'> Shape: (27676, 17)
Sample:
[[6.25427204e-02 5.55555556e-02 3.77551020e-01 0.00000000e+00
  0.00000000e+00 0.00000000e+00 0.00000000e+00 0.00000000e+00
  0.00000000e+00 1.00000000e+00 8.00000000e+00 4.13354531e-02
  1.46733632e-01 9.09235439e-01 6.71533937e-02 5.33333333e-01
  3.97260274e-01]
 [1.01366743e-01 1.03577149e-01 1.93877551e-01 0.00000000e+00
  0.00000000e+00 0.00000000e+00 0.00000000e+00 0.00000000e+00
  0.00000000e+00 1.00000000e+00 1.10000000e+01 7.44182685e-01
  1.06156959e-01 9.09235439e-01 1.64777713e-01 6.66666667e-01
  6.30136986e-01]
 [1.34321445e-02 1.03577149e-01 2.95918367e-01 0.00000000e+00
  0.00000000e+00 0.00000000e+00 1.00000000e+00 0.00000000e+00
  0.00000000e+00 0.00000000e+00 9.00000000e+00 7.44182685e-01
  1.12082671e-01 6.97355109e-03 9.65329186e-02 6.00000000e-01
  6.84931507e-02]
 [4.46234645e-01 4.45734913e-01 3.97959184e-01 0.00000000e+00
  0.00000000e+00 1.00000000e+00 1.00000000e+00 0.00000000e+00
  0.00000000e+00 0.00000000e+00 8.00000000e+00 7.44182685e-01
  1.98728140e-02 5.78118225e-04 6.73449152e-03 5.33333333e-01
  9.58904110e-02]
 [4.46234645e-01 4.45734913e-01 3.97959184e-01 0.00000000e+00
  0.00000000e+00 1.00000000e+00 0.00000000e+00 0.00000000e+00
  0.00000000e+00 1.00000000e+00 3.00000000e+00 7.44182685e-01
  3.03512068e-02 2.07399913e-02 1.24442075e-01 2.00000000e-01
  2.46575342e-01]]
[ 2025-04-10 14:43:53,437 ] 167 root - INFO - X_test Type:<class 'numpy.ndarray'> Shape: (27676, 17)
Sample:
[[6.25427204e-02 5.55555556e-02 3.77551020e-01 0.00000000e+00
  0.00000000e+00 0.00000000e+00 0.00000000e+00 0.00000000e+00
  0.00000000e+00 1.00000000e+00 8.00000000e+00 4.13354531e-02
  1.46733632e-01 9.09235439e-01 6.71533937e-02 5.33333333e-01
  3.97260274e-01]
 [1.01366743e-01 1.03577149e-01 1.93877551e-01 0.00000000e+00
  0.00000000e+00 0.00000000e+00 0.00000000e+00 0.00000000e+00
  0.00000000e+00 1.00000000e+00 1.10000000e+01 7.44182685e-01
  1.06156959e-01 9.09235439e-01 1.64777713e-01 6.66666667e-01
  6.30136986e-01]
 [1.34321445e-02 1.03577149e-01 2.95918367e-01 0.00000000e+00
  0.00000000e+00 0.00000000e+00 1.00000000e+00 0.00000000e+00
  0.00000000e+00 0.00000000e+00 9.00000000e+00 7.44182685e-01
  1.12082671e-01 6.97355109e-03 9.65329186e-02 6.00000000e-01
  6.84931507e-02]
 [4.46234645e-01 4.45734913e-01 3.97959184e-01 0.00000000e+00
  0.00000000e+00 1.00000000e+00 1.00000000e+00 0.00000000e+00
  0.00000000e+00 0.00000000e+00 8.00000000e+00 7.44182685e-01
  1.98728140e-02 5.78118225e-04 6.73449152e-03 5.33333333e-01
  9.58904110e-02]
 [4.46234645e-01 4.45734913e-01 3.97959184e-01 0.00000000e+00
  0.00000000e+00 1.00000000e+00 0.00000000e+00 0.00000000e+00
  0.00000000e+00 1.00000000e+00 3.00000000e+00 7.44182685e-01
  3.03512068e-02 2.07399913e-02 1.24442075e-01 2.00000000e-01
  2.46575342e-01]]
