[ 2025-04-10 17:43:43,891 ] 124 root - INFO - y type: <class 'pandas.core.frame.DataFrame'>
[ 2025-04-10 17:43:43,891 ] 25 root - INFO - <<<<Target Transformation has been Started>>>>
[ 2025-04-10 17:43:43,891 ] 42 root - INFO - Transformation is in Surving Mode
[ 2025-04-10 17:43:43,909 ] 109 root - INFO - Transformation is Completed
[ 2025-04-10 17:43:43,923 ] 109 root - INFO - Transformation is Completed
[ 2025-04-10 17:43:44,038 ] 160 root - INFO - X_train Type:<class 'pandas.core.frame.DataFrame'> Shape: (27676, 33)
Sample:
   relationship  marital_status         0    1    2    3    4  ...        24        25        26        27   28   29   30
0      0.062543        0.055556  0.377551  0.0  0.0  0.0  0.0  ...  0.041742  0.466667  0.397260  0.226190  0.0  0.0  0.0
1      0.101367        0.103577  0.193878  0.0  0.0  0.0  0.0  ...  0.041742  0.333333  0.630137  0.119048  0.0  1.0  0.0
2      0.013432        0.103577  0.295918  0.0  0.0  0.0  1.0  ...  0.041742  0.400000  0.068493  0.178571  0.0  0.0  0.0
3      0.446235        0.445735  0.397959  0.0  0.0  1.0  1.0  ...  0.041742  0.466667  0.095890  0.238095  0.0  0.0  1.0
4      0.446235        0.445735  0.397959  0.0  0.0  1.0  0.0  ...  0.041742  0.800000  0.246575  0.238095  0.0  0.0  1.0

[5 rows x 33 columns]
[ 2025-04-10 17:43:44,073 ] 163 root - INFO - X_test Type:<class 'pandas.core.frame.DataFrame'> Shape: (4885, 33)
Sample:
   relationship  marital_status         0        1    2    3    4  ...        24        25        26        27   28   29   30
0      0.101367        0.103577  0.377551  0.00000  0.0  0.0  0.0  ...  0.041742  0.400000  0.136986  0.226190  0.0  0.0  0.0
1      0.483798        0.445735  0.397959  0.00000  0.0  0.0  0.0  ...  0.041742  0.466667  0.383562  0.238095  0.0  0.0  1.0
2      0.446235        0.445735  0.551020  0.00000  0.0  1.0  0.0  ...  0.041742  0.200000  0.164384  0.327381  1.0  1.0  1.0
3      0.101367        0.045609  0.397959  0.00000  0.0  0.0  0.0  ...  0.041742  0.200000  0.178082  0.238095  0.0  1.0  0.0
4      0.101367        0.103577  0.500000  0.02202  0.0  1.0  0.0  ...  0.062843  0.400000  0.164384  0.297619  1.0  0.0  0.0

[5 rows x 33 columns]
